<?xml version="1.0" encoding="UTF-8"?>
<testsuite name="graph.LibraryTest" tests="1" skipped="0" failures="0" errors="0" timestamp="2021-05-27T06:35:33" hostname="DESKTOP-ELOJ1AP" time="0.063">
  <properties/>
  <testcase name="testOneNodeAndEdge" classname="graph.LibraryTest" time="0.063"/>
  <system-out><![CDATA[1
]]></system-out>
  <system-err><![CDATA[]]></system-err>
</testsuite>
